info @storybook/vue3 v6.5.0-alpha.64
info 
info => Cleaning outputDir: /var/folders/z_/bfmd5dqd0cg4qr1tjc98zyx00000gn/T/chromatic--51432-ZCdaNur506Da
info => Loading presets
info => Compiling manager..
vite v2.7.1 building for production...
transforming...
Conflicting namespaces: "node_modules/@storybook/addon-docs/dist/esm/blocks/index.js" re-exports "SourceState" from both "node_modules/@storybook/addon-docs/dist/esm/blocks/Canvas.js" and "node_modules/@storybook/addon-docs/dist/esm/blocks/Source.js" (will be ignored)
Use of eval is strongly discouraged, as it poses security risks and may cause issues with minification
Use of eval is strongly discouraged, as it poses security risks and may cause issues with minification
Use of eval is strongly discouraged, as it poses security risks and may cause issues with minification
✓ 840 modules transformed.
rendering chunks...
info => Manager built (20 s)
../../../../../var/folders/z_/bfmd5dqd0cg4qr1tjc98zyx00000gn/T/chromatic--51432-ZCdaNur506Da/assets/code-brackets.9ef6443e.svg                    1.42 KiB
../../../../../var/folders/z_/bfmd5dqd0cg4qr1tjc98zyx00000gn/T/chromatic--51432-ZCdaNur506Da/assets/colors.ac9401f3.svg                           8.31 KiB
../../../../../var/folders/z_/bfmd5dqd0cg4qr1tjc98zyx00000gn/T/chromatic--51432-ZCdaNur506Da/assets/comments.f15a6837.svg                         1.49 KiB
../../../../../var/folders/z_/bfmd5dqd0cg4qr1tjc98zyx00000gn/T/chromatic--51432-ZCdaNur506Da/assets/direction.94a9917f.svg                        1.25 KiB
../../../../../var/folders/z_/bfmd5dqd0cg4qr1tjc98zyx00000gn/T/chromatic--51432-ZCdaNur506Da/assets/flow.275142c6.svg                             1.36 KiB
../../../../../var/folders/z_/bfmd5dqd0cg4qr1tjc98zyx00000gn/T/chromatic--51432-ZCdaNur506Da/assets/plugin.57148314.svg                           2.12 KiB
../../../../../var/folders/z_/bfmd5dqd0cg4qr1tjc98zyx00000gn/T/chromatic--51432-ZCdaNur506Da/assets/repo.fb4ece47.svg                             1.60 KiB
../../../../../var/folders/z_/bfmd5dqd0cg4qr1tjc98zyx00000gn/T/chromatic--51432-ZCdaNur506Da/assets/stackalt.2ad81543.svg                         2.49 KiB
../../../../../var/folders/z_/bfmd5dqd0cg4qr1tjc98zyx00000gn/T/chromatic--51432-ZCdaNur506Da/iframe.html                                          13.06 KiB
../../../../../var/folders/z_/bfmd5dqd0cg4qr1tjc98zyx00000gn/T/chromatic--51432-ZCdaNur506Da/assets/GlobalScrollAreaStyles-8793ce4a.f0656192.js   10.01 KiB / gzip: 2.22 KiB
../../../../../var/folders/z_/bfmd5dqd0cg4qr1tjc98zyx00000gn/T/chromatic--51432-ZCdaNur506Da/assets/GlobalScrollAreaStyles-8793ce4a.f0656192.js.map 18.43 KiB
../../../../../var/folders/z_/bfmd5dqd0cg4qr1tjc98zyx00000gn/T/chromatic--51432-ZCdaNur506Da/assets/iframe.347a66f0.js                            54.06 KiB / gzip: 13.13 KiB
../../../../../var/folders/z_/bfmd5dqd0cg4qr1tjc98zyx00000gn/T/chromatic--51432-ZCdaNur506Da/assets/iframe.347a66f0.js.map                        35.54 KiB
../../../../../var/folders/z_/bfmd5dqd0cg4qr1tjc98zyx00000gn/T/chromatic--51432-ZCdaNur506Da/assets/WithTooltip-6d43573d.59acc5cb.js              37.54 KiB / gzip: 12.35 KiB
../../../../../var/folders/z_/bfmd5dqd0cg4qr1tjc98zyx00000gn/T/chromatic--51432-ZCdaNur506Da/assets/WithTooltip-6d43573d.59acc5cb.js.map          149.25 KiB
../../../../../var/folders/z_/bfmd5dqd0cg4qr1tjc98zyx00000gn/T/chromatic--51432-ZCdaNur506Da/assets/renderDocs.663c81ab.js                        2.41 KiB / gzip: 1.14 KiB
../../../../../var/folders/z_/bfmd5dqd0cg4qr1tjc98zyx00000gn/T/chromatic--51432-ZCdaNur506Da/assets/renderDocs.663c81ab.js.map                    7.92 KiB
../../../../../var/folders/z_/bfmd5dqd0cg4qr1tjc98zyx00000gn/T/chromatic--51432-ZCdaNur506Da/assets/iframe.63ab7e91.css                           7.50 KiB / gzip: 1.88 KiB
../../../../../var/folders/z_/bfmd5dqd0cg4qr1tjc98zyx00000gn/T/chromatic--51432-ZCdaNur506Da/assets/Color-2180f69c.861596a7.js                    32.59 KiB / gzip: 12.06 KiB
../../../../../var/folders/z_/bfmd5dqd0cg4qr1tjc98zyx00000gn/T/chromatic--51432-ZCdaNur506Da/assets/Color-2180f69c.861596a7.js.map                110.74 KiB
../../../../../var/folders/z_/bfmd5dqd0cg4qr1tjc98zyx00000gn/T/chromatic--51432-ZCdaNur506Da/assets/OverlayScrollbars-5b296433.48d7bc83.js        57.62 KiB / gzip: 24.69 KiB
../../../../../var/folders/z_/bfmd5dqd0cg4qr1tjc98zyx00000gn/T/chromatic--51432-ZCdaNur506Da/assets/OverlayScrollbars-5b296433.48d7bc83.js.map    370.34 KiB
../../../../../var/folders/z_/bfmd5dqd0cg4qr1tjc98zyx00000gn/T/chromatic--51432-ZCdaNur506Da/assets/syntaxhighlighter-21db839d.4dd0d99c.js        122.69 KiB / gzip: 46.58 KiB
../../../../../var/folders/z_/bfmd5dqd0cg4qr1tjc98zyx00000gn/T/chromatic--51432-ZCdaNur506Da/assets/syntaxhighlighter-21db839d.4dd0d99c.js.map    386.91 KiB
../../../../../var/folders/z_/bfmd5dqd0cg4qr1tjc98zyx00000gn/T/chromatic--51432-ZCdaNur506Da/assets/index.3ff53d29.js                             119.92 KiB / gzip: 37.63 KiB
../../../../../var/folders/z_/bfmd5dqd0cg4qr1tjc98zyx00000gn/T/chromatic--51432-ZCdaNur506Da/assets/index.3ff53d29.js.map                         250.91 KiB
../../../../../var/folders/z_/bfmd5dqd0cg4qr1tjc98zyx00000gn/T/chromatic--51432-ZCdaNur506Da/assets/formatter-a8917567.25e3780c.js                700.86 KiB / gzip: 219.17 KiB
../../../../../var/folders/z_/bfmd5dqd0cg4qr1tjc98zyx00000gn/T/chromatic--51432-ZCdaNur506Da/assets/formatter-a8917567.25e3780c.js.map            1436.01 KiB
../../../../../var/folders/z_/bfmd5dqd0cg4qr1tjc98zyx00000gn/T/chromatic--51432-ZCdaNur506Da/assets/vendor.9aa25174.js                            1151.82 KiB / gzip: 332.77 KiB
../../../../../var/folders/z_/bfmd5dqd0cg4qr1tjc98zyx00000gn/T/chromatic--51432-ZCdaNur506Da/assets/vendor.9aa25174.js.map                        3224.05 KiB

(!) Some chunks are larger than 500 KiB after minification. Consider:
- Using dynamic import() to code-split the application
- Use build.rollupOptions.output.manualChunks to improve chunking: https://rollupjs.org/guide/en/#outputmanualchunks
- Adjust chunk size limit for this warning via build.chunkSizeWarningLimit.
info => Output directory: /var/folders/z_/bfmd5dqd0cg4qr1tjc98zyx00000gn/T/chromatic--51432-ZCdaNur506Da
